<?xml version="1.0" encoding="UTF-8"?>
<!-- Generated by org.testng.reporters.JUnitReportReporter -->
<testsuite skipped="0" hostname="SaNj" name="com.runner.TestCase" tests="10" failures="0" timestamp="2022-05-18T23:20:15 IST" time="80.629" errors="0">
  <testcase name="page1" time="6.310" classname="com.runner.TestCase"/>
  <system-out/>
  <testcase name="page2" time="1.212" classname="com.runner.TestCase"/>
  <system-out/>
  <testcase name="page3" time="7.753" classname="com.runner.TestCase"/>
  <system-out/>
  <testcase name="page4" time="5.525" classname="com.runner.TestCase"/>
  <system-out/>
  <testcase name="page5" time="5.324" classname="com.runner.TestCase"/>
  <system-out/>
  <testcase name="page6" time="15.726" classname="com.runner.TestCase"/>
  <system-out/>
  <testcase name="page7" time="10.975" classname="com.runner.TestCase"/>
  <system-out/>
  <testcase name="page8" time="4.393" classname="com.runner.TestCase"/>
  <system-out/>
  <testcase name="page9" time="6.908" classname="com.runner.TestCase"/>
  <system-out/>
  <testcase name="page10" time="16.503" classname="com.runner.TestCase"/>
  <system-out/>
</testsuite> <!-- com.runner.TestCase -->
